Determining if the pthread_create exist failed with the following output:
Change Dir: /home/pi/code_name_PaRtY/cmake-build-debug/CMakeFiles/CMakeTmp

Run Build Command:"/usr/bin/make" "cmTC_dcc43/fast"
/usr/bin/make -f CMakeFiles/cmTC_dcc43.dir/build.make CMakeFiles/cmTC_dcc43.dir/build
make[1]: вход в каталог «/home/pi/code_name_PaRtY/cmake-build-debug/CMakeFiles/CMakeTmp»
Building C object CMakeFiles/cmTC_dcc43.dir/CheckSymbolExists.c.o
/usr/bin/cc    -o CMakeFiles/cmTC_dcc43.dir/CheckSymbolExists.c.o   -c /home/pi/code_name_PaRtY/cmake-build-debug/CMakeFiles/CMakeTmp/CheckSymbolExists.c
Linking C executable cmTC_dcc43
/usr/bin/cmake -E cmake_link_script CMakeFiles/cmTC_dcc43.dir/link.txt --verbose=1
/usr/bin/cc      CMakeFiles/cmTC_dcc43.dir/CheckSymbolExists.c.o  -o cmTC_dcc43 
/usr/bin/ld: CMakeFiles/cmTC_dcc43.dir/CheckSymbolExists.c.o: in function `main':
CheckSymbolExists.c:(.text+0x38): undefined reference to `pthread_create'
collect2: error: ld returned 1 exit status
make[1]: *** [CMakeFiles/cmTC_dcc43.dir/build.make:87: cmTC_dcc43] Ошибка 1
make[1]: выход из каталога «/home/pi/code_name_PaRtY/cmake-build-debug/CMakeFiles/CMakeTmp»
make: *** [Makefile:121: cmTC_dcc43/fast] Ошибка 2

File /home/pi/code_name_PaRtY/cmake-build-debug/CMakeFiles/CMakeTmp/CheckSymbolExists.c:
/* */
#include <pthread.h>

int main(int argc, char** argv)
{
  (void)argv;
#ifndef pthread_create
  return ((int*)(&pthread_create))[argc];
#else
  (void)argc;
  return 0;
#endif
}

Determining if the function pthread_create exists in the pthreads failed with the following output:
Change Dir: /home/pi/code_name_PaRtY/cmake-build-debug/CMakeFiles/CMakeTmp

Run Build Command:"/usr/bin/make" "cmTC_93193/fast"
/usr/bin/make -f CMakeFiles/cmTC_93193.dir/build.make CMakeFiles/cmTC_93193.dir/build
make[1]: вход в каталог «/home/pi/code_name_PaRtY/cmake-build-debug/CMakeFiles/CMakeTmp»
Building C object CMakeFiles/cmTC_93193.dir/CheckFunctionExists.c.o
/usr/bin/cc   -DCHECK_FUNCTION_EXISTS=pthread_create   -o CMakeFiles/cmTC_93193.dir/CheckFunctionExists.c.o   -c /usr/share/cmake-3.13/Modules/CheckFunctionExists.c
Linking C executable cmTC_93193
/usr/bin/cmake -E cmake_link_script CMakeFiles/cmTC_93193.dir/link.txt --verbose=1
/usr/bin/cc  -DCHECK_FUNCTION_EXISTS=pthread_create    CMakeFiles/cmTC_93193.dir/CheckFunctionExists.c.o  -o cmTC_93193 -lpthreads 
/usr/bin/ld: cannot find -lpthreads
collect2: error: ld returned 1 exit status
make[1]: *** [CMakeFiles/cmTC_93193.dir/build.make:87: cmTC_93193] Ошибка 1
make[1]: выход из каталога «/home/pi/code_name_PaRtY/cmake-build-debug/CMakeFiles/CMakeTmp»
make: *** [Makefile:121: cmTC_93193/fast] Ошибка 2


